nohup: ignorando entrada
Carregando pacotes exigidos: gmodels
Carregando pacotes exigidos: vcd
Carregando pacotes exigidos: grid
Carregando pacotes exigidos: lme4
Carregando pacotes exigidos: Matrix
Carregando pacotes exigidos: methods

Attaching package: ‘nlme’

The following object is masked from ‘package:lme4’:

    lmList

Carregando pacotes exigidos: lattice
Carregando pacotes exigidos: ggplot2
Carregando pacotes exigidos: MASS
Classes and Methods for R developed in the

Political Science Computational Laboratory

Department of Political Science

Stanford University

Simon Jackman

hurdle and zeroinfl functions by Achim Zeileis


Attaching package: ‘car’

The following object is masked from ‘package:dplyr’:

    recode

Warning messages:
1: In checkConv(attr(opt, "derivs"), opt$par, ctrl = control$checkConv,  :
  Model failed to converge with max|grad| = 0.00228219 (tol = 0.001, component 1)
2: In checkConv(attr(opt, "derivs"), opt$par, ctrl = control$checkConv,  :
  Model is nearly unidentifiable: very large eigenvalue
 - Rescale variables?

Correlation matrix not shown by default, as p = 51 > 12.
Use print(x, correlation=TRUE)  or
	 vcov(x)	 if you need it

Computing bootstrap confidence intervals ...
There were 50 or more warnings (use warnings() to see the first 50)
