Carregando pacotes exigidos: gmodels
Carregando pacotes exigidos: vcd
Carregando pacotes exigidos: grid
Carregando pacotes exigidos: lme4
Carregando pacotes exigidos: Matrix
Carregando pacotes exigidos: methods
Carregando pacotes exigidos: lattice
Carregando pacotes exigidos: ggplot2
Carregando pacotes exigidos: MASS
Classes and Methods for R developed in the

Political Science Computational Laboratory

Department of Political Science

Stanford University

Simon Jackman

hurdle and zeroinfl functions by Achim Zeileis


Attaching package: ‘car’

The following object is masked from ‘package:dplyr’:

    recode

Carregando pacotes exigidos: gmodels
Carregando pacotes exigidos: vcd
Carregando pacotes exigidos: grid
Carregando pacotes exigidos: lme4
Carregando pacotes exigidos: Matrix
Carregando pacotes exigidos: methods
Carregando pacotes exigidos: lattice
Carregando pacotes exigidos: ggplot2
Carregando pacotes exigidos: MASS
Classes and Methods for R developed in the

Political Science Computational Laboratory

Department of Political Science

Stanford University

Simon Jackman

hurdle and zeroinfl functions by Achim Zeileis


Attaching package: ‘car’

The following object is masked from ‘package:dplyr’:

    recode

Carregando pacotes exigidos: gmodels
Carregando pacotes exigidos: vcd
Carregando pacotes exigidos: grid
Carregando pacotes exigidos: lme4
Carregando pacotes exigidos: Matrix
Carregando pacotes exigidos: methods
Carregando pacotes exigidos: lattice
Carregando pacotes exigidos: ggplot2
Carregando pacotes exigidos: MASS
Classes and Methods for R developed in the

Political Science Computational Laboratory

Department of Political Science

Stanford University

Simon Jackman

hurdle and zeroinfl functions by Achim Zeileis


Attaching package: ‘car’

The following object is masked from ‘package:dplyr’:

    recode

Carregando pacotes exigidos: gmodels
Carregando pacotes exigidos: vcd
Carregando pacotes exigidos: grid
Carregando pacotes exigidos: lme4
Carregando pacotes exigidos: Matrix
Carregando pacotes exigidos: methods
Carregando pacotes exigidos: lattice
Carregando pacotes exigidos: ggplot2
Carregando pacotes exigidos: MASS
Classes and Methods for R developed in the

Political Science Computational Laboratory

Department of Political Science

Stanford University

Simon Jackman

hurdle and zeroinfl functions by Achim Zeileis


Attaching package: ‘car’

The following object is masked from ‘package:dplyr’:

    recode

Error in allPValues[, 1] <- result$p.value : 
  número de itens para para substituir não é um múltiplo do comprimento do substituto
Calls: leaveUserOut
Execução interrompida
Error in allPValues[, 1] <- result$p.value : 
  número de itens para para substituir não é um múltiplo do comprimento do substituto
Calls: leaveUserOut
Execução interrompida
Carregando pacotes exigidos: gmodels
Carregando pacotes exigidos: vcd
Carregando pacotes exigidos: grid
Carregando pacotes exigidos: lme4
Carregando pacotes exigidos: Matrix
Carregando pacotes exigidos: methods
Carregando pacotes exigidos: lattice
Carregando pacotes exigidos: ggplot2
Carregando pacotes exigidos: MASS
Classes and Methods for R developed in the

Political Science Computational Laboratory

Department of Political Science

Stanford University

Simon Jackman

hurdle and zeroinfl functions by Achim Zeileis


Attaching package: ‘car’

The following object is masked from ‘package:dplyr’:

    recode

Carregando pacotes exigidos: gmodels
Carregando pacotes exigidos: vcd
Carregando pacotes exigidos: grid
Carregando pacotes exigidos: lme4
Carregando pacotes exigidos: Matrix
Carregando pacotes exigidos: methods
Carregando pacotes exigidos: lattice
Carregando pacotes exigidos: ggplot2
Carregando pacotes exigidos: MASS
Classes and Methods for R developed in the

Political Science Computational Laboratory

Department of Political Science

Stanford University

Simon Jackman

hurdle and zeroinfl functions by Achim Zeileis


Attaching package: ‘car’

The following object is masked from ‘package:dplyr’:

    recode

